<?xml version="1.0" encoding="UTF-8"?>
<testsuite name="app.DB.DBSelectUnitTest" tests="1" skipped="0" failures="0" errors="0" timestamp="2022-05-12T09:55:31" hostname="770fb75f93db" time="3.441">
  <properties/>
  <testcase name="DB読み込み" classname="app.DB.DBSelectUnitTest" time="3.441"/>
  <system-out><![CDATA[09:54:32.757 [Test worker] DEBUG org.springframework.test.context.BootstrapUtils - Instantiating CacheAwareContextLoaderDelegate from class [org.springframework.test.context.cache.DefaultCacheAwareContextLoaderDelegate]
09:54:32.906 [Test worker] DEBUG org.springframework.test.context.BootstrapUtils - Instantiating BootstrapContext using constructor [public org.springframework.test.context.support.DefaultBootstrapContext(java.lang.Class,org.springframework.test.context.CacheAwareContextLoaderDelegate)]
09:54:33.236 [Test worker] DEBUG org.springframework.test.context.BootstrapUtils - Instantiating TestContextBootstrapper for test class [app.DB.DBSelectUnitTest] from class [org.springframework.boot.test.context.SpringBootTestContextBootstrapper]
09:54:33.389 [Test worker] INFO org.springframework.boot.test.context.SpringBootTestContextBootstrapper - Neither @ContextConfiguration nor @ContextHierarchy found for test class [app.DB.DBSelectUnitTest], using SpringBootContextLoader
09:54:33.432 [Test worker] DEBUG org.springframework.test.context.support.AbstractContextLoader - Did not detect default resource location for test class [app.DB.DBSelectUnitTest]: class path resource [app/DB/DBSelectUnitTest-context.xml] does not exist
09:54:33.439 [Test worker] DEBUG org.springframework.test.context.support.AbstractContextLoader - Did not detect default resource location for test class [app.DB.DBSelectUnitTest]: class path resource [app/DB/DBSelectUnitTestContext.groovy] does not exist
09:54:33.439 [Test worker] INFO org.springframework.test.context.support.AbstractContextLoader - Could not detect default resource locations for test class [app.DB.DBSelectUnitTest]: no resource found for suffixes {-context.xml, Context.groovy}.
09:54:33.445 [Test worker] INFO org.springframework.test.context.support.AnnotationConfigContextLoaderUtils - Could not detect default configuration classes for test class [app.DB.DBSelectUnitTest]: DBSelectUnitTest does not declare any static, non-private, non-final, nested classes annotated with @Configuration.
09:54:33.922 [Test worker] DEBUG org.springframework.test.context.support.ActiveProfilesUtils - Could not find an 'annotation declaring class' for annotation type [org.springframework.test.context.ActiveProfiles] and class [app.DB.DBSelectUnitTest]
09:54:34.568 [Test worker] DEBUG org.springframework.context.annotation.ClassPathScanningCandidateComponentProvider - Identified candidate component class: file [/srv/build/classes/java/main/app/AppApplication.class]
09:54:34.576 [Test worker] INFO org.springframework.boot.test.context.SpringBootTestContextBootstrapper - Found @SpringBootConfiguration app.AppApplication for test class app.DB.DBSelectUnitTest
09:54:35.997 [Test worker] INFO org.springframework.boot.test.context.SpringBootTestContextBootstrapper - Using TestExecutionListeners: [org.springframework.test.context.support.DependencyInjectionTestExecutionListener@39f5b723, org.springframework.test.context.transaction.TransactionalTestExecutionListener@4eaa375c, com.github.springtestdbunit.DbUnitTestExecutionListener@2404b5a]
09:54:36.081 [Test worker] DEBUG org.springframework.test.context.support.DependencyInjectionTestExecutionListener - Performing dependency injection for test context [[DefaultTestContext@40ac6b76 testClass = DBSelectUnitTest, testInstance = app.DB.DBSelectUnitTest@7980cf2c, testMethod = [null], testException = [null], mergedContextConfiguration = [WebMergedContextConfiguration@f0020b1 testClass = DBSelectUnitTest, locations = '{}', classes = '{class app.AppApplication}', contextInitializerClasses = '[]', activeProfiles = '{}', propertySourceLocations = '{}', propertySourceProperties = '{org.springframework.boot.test.context.SpringBootTestContextBootstrapper=true}', contextCustomizers = set[org.springframework.boot.test.autoconfigure.actuate.metrics.MetricsExportContextCustomizerFactory$DisableMetricExportContextCustomizer@eb507b9, org.springframework.boot.test.autoconfigure.properties.PropertyMappingContextCustomizer@0, org.springframework.boot.test.autoconfigure.web.servlet.WebDriverContextCustomizerFactory$Customizer@6ec65b5e, [ImportsContextCustomizer@759de304 key = [org.springframework.boot.test.context.TestConfiguration]], org.springframework.boot.test.context.filter.ExcludeFilterContextCustomizer@148c7c4b, org.springframework.boot.test.json.DuplicateJsonObjectContextCustomizerFactory$DuplicateJsonObjectContextCustomizer@4eb45fec, org.springframework.boot.test.mock.mockito.MockitoContextCustomizer@0, org.springframework.boot.test.web.client.TestRestTemplateContextCustomizer@38a1a26, org.springframework.boot.test.web.reactive.server.WebTestClientContextCustomizer@c6b2dd9, org.springframework.boot.test.context.SpringBootTestArgs@1, org.springframework.boot.test.context.SpringBootTestWebEnvironment@fd8294b], resourceBasePath = 'src/main/webapp', contextLoader = 'org.springframework.boot.test.context.SpringBootContextLoader', parent = [null]], attributes = map['org.springframework.test.context.web.ServletTestExecutionListener.activateListener' -> true]]].

  .   ____          _            __ _ _
 /\\ / ___'_ __ _ _(_)_ __  __ _ \ \ \ \
( ( )\___ | '_ | '_| | '_ \/ _` | \ \ \ \
 \\/  ___)| |_)| | | | | || (_| |  ) ) ) )
  '  |____| .__|_| |_|_| |_\__, | / / / /
 =========|_|==============|___/=/_/_/_/
 :: Spring Boot ::                (v2.6.7)

2022-05-12 09:54:39.533  INFO 2154 --- [    Test worker] app.DB.DBSelectUnitTest                  : Starting DBSelectUnitTest using Java 15.0.2 on 770fb75f93db with PID 2154 (started by root in /srv)
2022-05-12 09:54:39.538  INFO 2154 --- [    Test worker] app.DB.DBSelectUnitTest                  : No active profile set, falling back to 1 default profile: "default"
2022-05-12 09:54:39.733 TRACE 2154 --- [    Test worker] o.s.w.c.s.GenericWebApplicationContext   : Refreshing org.springframework.web.context.support.GenericWebApplicationContext@50f4b83d, started on Thu May 12 09:54:39 UTC 2022
2022-05-12 09:54:47.667  INFO 2154 --- [    Test worker] .s.d.r.c.RepositoryConfigurationDelegate : Bootstrapping Spring Data JPA repositories in DEFAULT mode.
2022-05-12 09:54:50.166  INFO 2154 --- [    Test worker] .s.d.r.c.RepositoryConfigurationDelegate : Finished Spring Data repository scanning in 2396 ms. Found 2 JPA repository interfaces.
2022-05-12 09:54:55.993 TRACE 2154 --- [    Test worker] o.s.w.c.s.GenericWebApplicationContext   : No 'messageSource' bean, using [Empty MessageSource]
2022-05-12 09:54:55.995 TRACE 2154 --- [    Test worker] o.s.w.c.s.GenericWebApplicationContext   : No 'applicationEventMulticaster' bean, using [SimpleApplicationEventMulticaster]
2022-05-12 09:54:57.380  INFO 2154 --- [    Test worker] com.zaxxer.hikari.HikariDataSource       : HikariPool-1 - Starting...
2022-05-12 09:54:59.711  INFO 2154 --- [    Test worker] com.zaxxer.hikari.HikariDataSource       : HikariPool-1 - Start completed.
2022-05-12 09:55:00.864  INFO 2154 --- [    Test worker] o.hibernate.jpa.internal.util.LogHelper  : HHH000204: Processing PersistenceUnitInfo [name: default]
2022-05-12 09:55:02.085  INFO 2154 --- [    Test worker] org.hibernate.Version                    : HHH000412: Hibernate ORM core version 5.6.8.Final
2022-05-12 09:55:05.324  INFO 2154 --- [    Test worker] o.hibernate.annotations.common.Version   : HCANN000001: Hibernate Commons Annotations {5.1.2.Final}
2022-05-12 09:55:07.625  INFO 2154 --- [    Test worker] org.hibernate.dialect.Dialect            : HHH000400: Using dialect: org.hibernate.dialect.MySQL8Dialect
2022-05-12 09:55:16.783  INFO 2154 --- [    Test worker] o.h.e.t.j.p.i.JtaPlatformInitiator       : HHH000490: Using JtaPlatform implementation: [org.hibernate.engine.transaction.jta.platform.internal.NoJtaPlatform]
2022-05-12 09:55:16.929  INFO 2154 --- [    Test worker] j.LocalContainerEntityManagerFactoryBean : Initialized JPA EntityManagerFactory for persistence unit 'default'
2022-05-12 09:55:23.337  WARN 2154 --- [    Test worker] JpaBaseConfiguration$JpaWebConfiguration : spring.jpa.open-in-view is enabled by default. Therefore, database queries may be performed during view rendering. Explicitly configure spring.jpa.open-in-view to disable this warning
2022-05-12 09:55:25.329 DEBUG 2154 --- [    Test worker] s.w.s.m.m.a.RequestMappingHandlerAdapter : ControllerAdvice beans: 0 @ModelAttribute, 0 @InitBinder, 1 RequestBodyAdvice, 1 ResponseBodyAdvice
2022-05-12 09:55:26.433 TRACE 2154 --- [    Test worker] s.w.s.m.m.a.RequestMappingHandlerMapping : 
	a.AppApplication:
	{ [/]}: home()
2022-05-12 09:55:26.462 TRACE 2154 --- [    Test worker] s.w.s.m.m.a.RequestMappingHandlerMapping : 
	a.c.ContactController:
	{POST [/contacts/new]}: add(ContactForm)
	{GET [/contacts]}: form(Model)
	{ [/contacts/master]}: contacts(Model)
	{POST [/contacts/confirm]}: confirm(ContactForm,Model)
2022-05-12 09:55:26.466 TRACE 2154 --- [    Test worker] s.w.s.m.m.a.RequestMappingHandlerMapping : 
	a.c.CustomErrorController:
	{ [/error]}: error(HttpServletRequest,ModelAndView)
	{ [/404]}: notFoundError()
2022-05-12 09:55:26.468 TRACE 2154 --- [    Test worker] s.w.s.m.m.a.RequestMappingHandlerMapping : 
	a.c.HelloController:
	{GET [/]}: index(Model)
2022-05-12 09:55:26.470 TRACE 2154 --- [    Test worker] s.w.s.m.m.a.RequestMappingHandlerMapping : 
	a.c.UserController:
	{ [/users]}: users(Model)
2022-05-12 09:55:26.474 DEBUG 2154 --- [    Test worker] s.w.s.m.m.a.RequestMappingHandlerMapping : 9 mappings in 'requestMappingHandlerMapping'
2022-05-12 09:55:26.574  INFO 2154 --- [    Test worker] o.s.b.a.w.s.WelcomePageHandlerMapping    : Adding welcome page template: index
2022-05-12 09:55:27.207 DEBUG 2154 --- [    Test worker] o.s.w.s.h.BeanNameUrlHandlerMapping      : Detected 0 mappings in 'beanNameHandlerMapping'
2022-05-12 09:55:27.422 TRACE 2154 --- [    Test worker] o.s.w.s.f.support.RouterFunctionMapping  : 0 RouterFunction(s) in 'routerFunctionMapping'
2022-05-12 09:55:27.684 TRACE 2154 --- [    Test worker] o.s.w.s.handler.SimpleUrlHandlerMapping  : Mapped [/webjars/**] onto ResourceHttpRequestHandler [classpath [META-INF/resources/webjars/]]
2022-05-12 09:55:27.685 TRACE 2154 --- [    Test worker] o.s.w.s.handler.SimpleUrlHandlerMapping  : Mapped [/**] onto ResourceHttpRequestHandler [classpath [META-INF/resources/], classpath [resources/], classpath [static/], classpath [public/], ServletContext [/]]
2022-05-12 09:55:27.686 DEBUG 2154 --- [    Test worker] o.s.w.s.handler.SimpleUrlHandlerMapping  : Patterns [/webjars/**, /**] in 'resourceHandlerMapping'
2022-05-12 09:55:27.873 DEBUG 2154 --- [    Test worker] .m.m.a.ExceptionHandlerExceptionResolver : ControllerAdvice beans: 0 @ExceptionHandler, 1 ResponseBodyAdvice
2022-05-12 09:55:31.370 TRACE 2154 --- [    Test worker] o.s.w.c.s.GenericWebApplicationContext   : Using LifecycleProcessor [org.springframework.context.support.DefaultLifecycleProcessor@572d2320]
2022-05-12 09:55:31.405  INFO 2154 --- [    Test worker] app.DB.DBSelectUnitTest                  : Started DBSelectUnitTest in 54.932 seconds (JVM running for 63.532)
2022-05-12 09:55:31.901  INFO 2154 --- [    Test worker] o.s.t.c.transaction.TransactionContext   : Began transaction (1) for test context [DefaultTestContext@40ac6b76 testClass = DBSelectUnitTest, testInstance = app.DB.DBSelectUnitTest@7980cf2c, testMethod = contextLoads@DBSelectUnitTest, testException = [null], mergedContextConfiguration = [WebMergedContextConfiguration@f0020b1 testClass = DBSelectUnitTest, locations = '{}', classes = '{class app.AppApplication}', contextInitializerClasses = '[]', activeProfiles = '{}', propertySourceLocations = '{}', propertySourceProperties = '{org.springframework.boot.test.context.SpringBootTestContextBootstrapper=true}', contextCustomizers = set[org.springframework.boot.test.autoconfigure.actuate.metrics.MetricsExportContextCustomizerFactory$DisableMetricExportContextCustomizer@eb507b9, org.springframework.boot.test.autoconfigure.properties.PropertyMappingContextCustomizer@0, org.springframework.boot.test.autoconfigure.web.servlet.WebDriverContextCustomizerFactory$Customizer@6ec65b5e, [ImportsContextCustomizer@759de304 key = [org.springframework.boot.test.context.TestConfiguration]], org.springframework.boot.test.context.filter.ExcludeFilterContextCustomizer@148c7c4b, org.springframework.boot.test.json.DuplicateJsonObjectContextCustomizerFactory$DuplicateJsonObjectContextCustomizer@4eb45fec, org.springframework.boot.test.mock.mockito.MockitoContextCustomizer@0, org.springframework.boot.test.web.client.TestRestTemplateContextCustomizer@38a1a26, org.springframework.boot.test.web.reactive.server.WebTestClientContextCustomizer@c6b2dd9, org.springframework.boot.test.context.SpringBootTestArgs@1, org.springframework.boot.test.context.SpringBootTestWebEnvironment@fd8294b], resourceBasePath = 'src/main/webapp', contextLoader = 'org.springframework.boot.test.context.SpringBootContextLoader', parent = [null]], attributes = map['org.springframework.test.context.web.ServletTestExecutionListener.activateListener' -> true, 'com.github.springtestdbunit.DbUnitTestExecutionListener.connection' -> com.github.springtestdbunit.DatabaseConnections@3f498899, 'com.github.springtestdbunit.DbUnitTestExecutionListener.databseOperationLookup' -> com.github.springtestdbunit.operation.DefaultDatabaseOperationLookup@4fe3058, 'com.github.springtestdbunit.DbUnitTestExecutionListener.dataSetLoader' -> app.CsvDataSetLoader@66fb510]]; transaction manager [org.springframework.orm.jpa.JpaTransactionManager@32d48f86]; rollback [true]
2022-05-12 09:55:32.692  WARN 2154 --- [    Test worker] o.dbunit.dataset.AbstractTableMetaData   : Potential problem found: The configured data type factory 'class org.dbunit.dataset.datatype.DefaultDataTypeFactory' might cause problems with the current database 'MySQL' (e.g. some datatypes may not be supported properly). In rare cases you might see this message because the list of supported database products is incomplete (list=[derby]). If so please request a java-class update via the forums.If you are using your own IDataTypeFactory extending DefaultDataTypeFactory, ensure that you override getValidDbProducts() to specify the supported database products.
2022-05-12 09:55:35.172  INFO 2154 --- [    Test worker] o.s.t.c.transaction.TransactionContext   : Rolled back transaction for test: [DefaultTestContext@40ac6b76 testClass = DBSelectUnitTest, testInstance = app.DB.DBSelectUnitTest@7980cf2c, testMethod = contextLoads@DBSelectUnitTest, testException = [null], mergedContextConfiguration = [WebMergedContextConfiguration@f0020b1 testClass = DBSelectUnitTest, locations = '{}', classes = '{class app.AppApplication}', contextInitializerClasses = '[]', activeProfiles = '{}', propertySourceLocations = '{}', propertySourceProperties = '{org.springframework.boot.test.context.SpringBootTestContextBootstrapper=true}', contextCustomizers = set[org.springframework.boot.test.autoconfigure.actuate.metrics.MetricsExportContextCustomizerFactory$DisableMetricExportContextCustomizer@eb507b9, org.springframework.boot.test.autoconfigure.properties.PropertyMappingContextCustomizer@0, org.springframework.boot.test.autoconfigure.web.servlet.WebDriverContextCustomizerFactory$Customizer@6ec65b5e, [ImportsContextCustomizer@759de304 key = [org.springframework.boot.test.context.TestConfiguration]], org.springframework.boot.test.context.filter.ExcludeFilterContextCustomizer@148c7c4b, org.springframework.boot.test.json.DuplicateJsonObjectContextCustomizerFactory$DuplicateJsonObjectContextCustomizer@4eb45fec, org.springframework.boot.test.mock.mockito.MockitoContextCustomizer@0, org.springframework.boot.test.web.client.TestRestTemplateContextCustomizer@38a1a26, org.springframework.boot.test.web.reactive.server.WebTestClientContextCustomizer@c6b2dd9, org.springframework.boot.test.context.SpringBootTestArgs@1, org.springframework.boot.test.context.SpringBootTestWebEnvironment@fd8294b], resourceBasePath = 'src/main/webapp', contextLoader = 'org.springframework.boot.test.context.SpringBootContextLoader', parent = [null]], attributes = map['org.springframework.test.context.web.ServletTestExecutionListener.activateListener' -> true, 'com.github.springtestdbunit.DbUnitTestExecutionListener.connection' -> com.github.springtestdbunit.DatabaseConnections@3f498899, 'com.github.springtestdbunit.DbUnitTestExecutionListener.databseOperationLookup' -> com.github.springtestdbunit.operation.DefaultDatabaseOperationLookup@4fe3058, 'com.github.springtestdbunit.DbUnitTestExecutionListener.dataSetLoader' -> app.CsvDataSetLoader@66fb510]]
]]></system-out>
  <system-err><![CDATA[]]></system-err>
</testsuite>
