<?xml version="1.0" encoding="UTF-8"?>
<testsuite name="app.Controller.HomeControllerTest" tests="1" skipped="0" failures="0" errors="0" timestamp="2022-04-27T08:41:02" hostname="89025f7b5b94" time="0.041">
  <properties/>
  <testcase name="Hello World画面に遷移すること" classname="app.Controller.HomeControllerTest" time="0.041"/>
  <system-out><![CDATA[2022-04-27 08:41:02.448  INFO 516 --- [    Test worker] .b.t.c.SpringBootTestContextBootstrapper : Neither @ContextConfiguration nor @ContextHierarchy found for test class [app.Controller.HomeControllerTest], using SpringBootContextLoader
2022-04-27 08:41:02.464  INFO 516 --- [    Test worker] o.s.t.c.support.AbstractContextLoader    : Could not detect default resource locations for test class [app.Controller.HomeControllerTest]: no resource found for suffixes {-context.xml, Context.groovy}.
2022-04-27 08:41:02.465  INFO 516 --- [    Test worker] t.c.s.AnnotationConfigContextLoaderUtils : Could not detect default configuration classes for test class [app.Controller.HomeControllerTest]: HomeControllerTest does not declare any static, non-private, non-final, nested classes annotated with @Configuration.
2022-04-27 08:41:02.473  INFO 516 --- [    Test worker] .b.t.c.SpringBootTestContextBootstrapper : Found @SpringBootConfiguration app.AppApplication for test class app.Controller.HomeControllerTest
2022-04-27 08:41:02.492  INFO 516 --- [    Test worker] .b.t.c.SpringBootTestContextBootstrapper : Loaded default TestExecutionListener class names from location [META-INF/spring.factories]: [org.springframework.boot.test.autoconfigure.restdocs.RestDocsTestExecutionListener, org.springframework.boot.test.autoconfigure.web.client.MockRestServiceServerResetTestExecutionListener, org.springframework.boot.test.autoconfigure.web.servlet.MockMvcPrintOnlyOnFailureTestExecutionListener, org.springframework.boot.test.autoconfigure.web.servlet.WebDriverTestExecutionListener, org.springframework.boot.test.autoconfigure.webservices.client.MockWebServiceServerTestExecutionListener, org.springframework.boot.test.mock.mockito.MockitoTestExecutionListener, org.springframework.boot.test.mock.mockito.ResetMocksTestExecutionListener, org.springframework.test.context.web.ServletTestExecutionListener, org.springframework.test.context.support.DirtiesContextBeforeModesTestExecutionListener, org.springframework.test.context.event.ApplicationEventsTestExecutionListener, org.springframework.test.context.support.DependencyInjectionTestExecutionListener, org.springframework.test.context.support.DirtiesContextTestExecutionListener, org.springframework.test.context.transaction.TransactionalTestExecutionListener, org.springframework.test.context.jdbc.SqlScriptsTestExecutionListener, org.springframework.test.context.event.EventPublishingTestExecutionListener]
2022-04-27 08:41:02.494  INFO 516 --- [    Test worker] .b.t.c.SpringBootTestContextBootstrapper : Using TestExecutionListeners: [org.springframework.test.context.web.ServletTestExecutionListener@a7b9673, org.springframework.test.context.support.DirtiesContextBeforeModesTestExecutionListener@6ddf31cd, org.springframework.test.context.event.ApplicationEventsTestExecutionListener@1eb7de01, org.springframework.boot.test.mock.mockito.MockitoTestExecutionListener@1986fd5b, org.springframework.boot.test.autoconfigure.SpringBootDependencyInjectionTestExecutionListener@4f982816, org.springframework.test.context.support.DirtiesContextTestExecutionListener@5b5d2971, org.springframework.test.context.transaction.TransactionalTestExecutionListener@7bbaa3cd, org.springframework.test.context.jdbc.SqlScriptsTestExecutionListener@5578e5c4, org.springframework.test.context.event.EventPublishingTestExecutionListener@5b2ebfe5, org.springframework.boot.test.autoconfigure.restdocs.RestDocsTestExecutionListener@690a0350, org.springframework.boot.test.autoconfigure.web.client.MockRestServiceServerResetTestExecutionListener@47006177, org.springframework.boot.test.autoconfigure.web.servlet.MockMvcPrintOnlyOnFailureTestExecutionListener@5544ea96, org.springframework.boot.test.autoconfigure.web.servlet.WebDriverTestExecutionListener@7bbbb64c, org.springframework.boot.test.autoconfigure.webservices.client.MockWebServiceServerTestExecutionListener@42923ae8, org.springframework.boot.test.mock.mockito.ResetMocksTestExecutionListener@65df014]
2022-04-27 08:41:02.520 TRACE 516 --- [    Test worker] s.w.s.m.m.a.RequestMappingHandlerMapping : 2 matching mappings: [{GET [/]}, { [/]}]
2022-04-27 08:41:02.522 TRACE 516 --- [    Test worker] s.w.s.m.m.a.RequestMappingHandlerMapping : Mapped to app.controller.HelloController#index(Model)
2022-04-27 08:41:02.523 TRACE 516 --- [    Test worker] o.s.web.method.HandlerMethod             : Arguments: [{}]
2022-04-27 08:41:02.524 TRACE 516 --- [    Test worker] s.w.s.m.m.a.RequestMappingHandlerAdapter : Applying default cacheSeconds=-1
2022-04-27 08:41:02.525 TRACE 516 --- [    Test worker] o.s.w.s.v.InternalResourceViewResolver   : View with key [index] served from cache
2022-04-27 08:41:02.526 DEBUG 516 --- [    Test worker] o.s.w.s.v.ContentNegotiatingViewResolver : Selected '*/*' given [*/*]
]]></system-out>
  <system-err><![CDATA[]]></system-err>
</testsuite>
