<?xml version="1.0" encoding="UTF-8"?>
<testsuite name="app.ConbinedTest" tests="1" skipped="0" failures="0" errors="0" timestamp="2022-05-11T09:54:18" hostname="5da71f55ab9e" time="8.272">
  <properties/>
  <testcase name="問い合わせ追加の一連処理" classname="app.ConbinedTest" time="8.272"/>
  <system-out><![CDATA[09:53:24.349 [Test worker] DEBUG org.springframework.test.context.BootstrapUtils - Instantiating CacheAwareContextLoaderDelegate from class [org.springframework.test.context.cache.DefaultCacheAwareContextLoaderDelegate]
09:53:24.476 [Test worker] DEBUG org.springframework.test.context.BootstrapUtils - Instantiating BootstrapContext using constructor [public org.springframework.test.context.support.DefaultBootstrapContext(java.lang.Class,org.springframework.test.context.CacheAwareContextLoaderDelegate)]
09:53:24.826 [Test worker] DEBUG org.springframework.test.context.BootstrapUtils - Instantiating TestContextBootstrapper for test class [app.ConbinedTest] from class [org.springframework.boot.test.context.SpringBootTestContextBootstrapper]
09:53:24.999 [Test worker] INFO org.springframework.boot.test.context.SpringBootTestContextBootstrapper - Neither @ContextConfiguration nor @ContextHierarchy found for test class [app.ConbinedTest], using SpringBootContextLoader
09:53:25.042 [Test worker] DEBUG org.springframework.test.context.support.AbstractContextLoader - Did not detect default resource location for test class [app.ConbinedTest]: class path resource [app/ConbinedTest-context.xml] does not exist
09:53:25.049 [Test worker] DEBUG org.springframework.test.context.support.AbstractContextLoader - Did not detect default resource location for test class [app.ConbinedTest]: class path resource [app/ConbinedTestContext.groovy] does not exist
09:53:25.049 [Test worker] INFO org.springframework.test.context.support.AbstractContextLoader - Could not detect default resource locations for test class [app.ConbinedTest]: no resource found for suffixes {-context.xml, Context.groovy}.
09:53:25.055 [Test worker] INFO org.springframework.test.context.support.AnnotationConfigContextLoaderUtils - Could not detect default configuration classes for test class [app.ConbinedTest]: ConbinedTest does not declare any static, non-private, non-final, nested classes annotated with @Configuration.
09:53:25.595 [Test worker] DEBUG org.springframework.test.context.support.ActiveProfilesUtils - Could not find an 'annotation declaring class' for annotation type [org.springframework.test.context.ActiveProfiles] and class [app.ConbinedTest]
09:53:26.219 [Test worker] DEBUG org.springframework.context.annotation.ClassPathScanningCandidateComponentProvider - Identified candidate component class: file [/srv/build/classes/java/main/app/AppApplication.class]
09:53:26.228 [Test worker] INFO org.springframework.boot.test.context.SpringBootTestContextBootstrapper - Found @SpringBootConfiguration app.AppApplication for test class app.ConbinedTest
09:53:27.473 [Test worker] INFO org.springframework.boot.test.context.SpringBootTestContextBootstrapper - Using TestExecutionListeners: [org.springframework.test.context.support.DependencyInjectionTestExecutionListener@41b13f3d, org.springframework.test.context.transaction.TransactionalTestExecutionListener@7c0777b5, com.github.springtestdbunit.DbUnitTestExecutionListener@2489e84a]
09:53:27.584 [Test worker] DEBUG org.springframework.test.context.support.DependencyInjectionTestExecutionListener - Performing dependency injection for test context [[DefaultTestContext@21eee94f testClass = ConbinedTest, testInstance = app.ConbinedTest@6bc24e72, testMethod = [null], testException = [null], mergedContextConfiguration = [WebMergedContextConfiguration@724aefc3 testClass = ConbinedTest, locations = '{}', classes = '{class app.AppApplication}', contextInitializerClasses = '[]', activeProfiles = '{}', propertySourceLocations = '{}', propertySourceProperties = '{org.springframework.boot.test.context.SpringBootTestContextBootstrapper=true}', contextCustomizers = set[org.springframework.boot.test.autoconfigure.actuate.metrics.MetricsExportContextCustomizerFactory$DisableMetricExportContextCustomizer@681e144, org.springframework.boot.test.autoconfigure.properties.PropertyMappingContextCustomizer@4b3fa0b3, org.springframework.boot.test.autoconfigure.web.servlet.WebDriverContextCustomizerFactory$Customizer@3fbfbf84, [ImportsContextCustomizer@7cfb4736 key = [org.springframework.boot.test.autoconfigure.web.servlet.MockMvcAutoConfiguration, org.springframework.boot.test.autoconfigure.web.servlet.MockMvcWebClientAutoConfiguration, org.springframework.boot.test.autoconfigure.web.servlet.MockMvcWebDriverAutoConfiguration, org.springframework.boot.autoconfigure.security.oauth2.client.servlet.OAuth2ClientAutoConfiguration, org.springframework.boot.autoconfigure.security.oauth2.resource.servlet.OAuth2ResourceServerAutoConfiguration, org.springframework.boot.autoconfigure.security.servlet.SecurityAutoConfiguration, org.springframework.boot.autoconfigure.security.servlet.SecurityFilterAutoConfiguration, org.springframework.boot.autoconfigure.security.servlet.UserDetailsServiceAutoConfiguration, org.springframework.boot.test.autoconfigure.web.servlet.MockMvcSecurityConfiguration, org.springframework.boot.test.autoconfigure.web.reactive.WebTestClientAutoConfiguration, org.springframework.boot.test.context.TestConfiguration]], org.springframework.boot.test.context.filter.ExcludeFilterContextCustomizer@d74bac4, org.springframework.boot.test.json.DuplicateJsonObjectContextCustomizerFactory$DuplicateJsonObjectContextCustomizer@5c20aab9, org.springframework.boot.test.mock.mockito.MockitoContextCustomizer@0, org.springframework.boot.test.web.client.TestRestTemplateContextCustomizer@1ac45389, org.springframework.boot.test.context.SpringBootTestArgs@1, org.springframework.boot.test.context.SpringBootTestWebEnvironment@65b3a85a], resourceBasePath = 'src/main/webapp', contextLoader = 'org.springframework.boot.test.context.SpringBootContextLoader', parent = [null]], attributes = map['org.springframework.test.context.web.ServletTestExecutionListener.activateListener' -> true]]].

  .   ____          _            __ _ _
 /\\ / ___'_ __ _ _(_)_ __  __ _ \ \ \ \
( ( )\___ | '_ | '_| | '_ \/ _` | \ \ \ \
 \\/  ___)| |_)| | | | | || (_| |  ) ) ) )
  '  |____| .__|_| |_|_| |_\__, | / / / /
 =========|_|==============|___/=/_/_/_/
 :: Spring Boot ::                (v2.6.7)

2022-05-11 09:53:31.343  INFO 6151 --- [    Test worker] app.ConbinedTest                         : Starting ConbinedTest using Java 15.0.2 on 5da71f55ab9e with PID 6151 (started by root in /srv)
2022-05-11 09:53:31.349  INFO 6151 --- [    Test worker] app.ConbinedTest                         : No active profile set, falling back to 1 default profile: "default"
2022-05-11 09:53:31.511 TRACE 6151 --- [    Test worker] o.s.w.c.s.GenericWebApplicationContext   : Refreshing org.springframework.web.context.support.GenericWebApplicationContext@73e1ecd0, started on Wed May 11 09:53:31 UTC 2022
2022-05-11 09:53:37.220  INFO 6151 --- [    Test worker] .s.d.r.c.RepositoryConfigurationDelegate : Bootstrapping Spring Data JPA repositories in DEFAULT mode.
2022-05-11 09:53:38.052  INFO 6151 --- [    Test worker] .s.d.r.c.RepositoryConfigurationDelegate : Finished Spring Data repository scanning in 740 ms. Found 2 JPA repository interfaces.
2022-05-11 09:53:42.654 TRACE 6151 --- [    Test worker] o.s.w.c.s.GenericWebApplicationContext   : No 'messageSource' bean, using [Empty MessageSource]
2022-05-11 09:53:42.654 TRACE 6151 --- [    Test worker] o.s.w.c.s.GenericWebApplicationContext   : No 'applicationEventMulticaster' bean, using [SimpleApplicationEventMulticaster]
2022-05-11 09:53:43.906  INFO 6151 --- [    Test worker] com.zaxxer.hikari.HikariDataSource       : HikariPool-1 - Starting...
2022-05-11 09:53:45.906  INFO 6151 --- [    Test worker] com.zaxxer.hikari.HikariDataSource       : HikariPool-1 - Start completed.
2022-05-11 09:53:46.948  INFO 6151 --- [    Test worker] o.hibernate.jpa.internal.util.LogHelper  : HHH000204: Processing PersistenceUnitInfo [name: default]
2022-05-11 09:53:47.872  INFO 6151 --- [    Test worker] org.hibernate.Version                    : HHH000412: Hibernate ORM core version 5.6.8.Final
2022-05-11 09:53:50.470  INFO 6151 --- [    Test worker] o.hibernate.annotations.common.Version   : HCANN000001: Hibernate Commons Annotations {5.1.2.Final}
2022-05-11 09:53:53.003  INFO 6151 --- [    Test worker] org.hibernate.dialect.Dialect            : HHH000400: Using dialect: org.hibernate.dialect.MySQL8Dialect
2022-05-11 09:54:02.992  INFO 6151 --- [    Test worker] o.h.e.t.j.p.i.JtaPlatformInitiator       : HHH000490: Using JtaPlatform implementation: [org.hibernate.engine.transaction.jta.platform.internal.NoJtaPlatform]
2022-05-11 09:54:03.143  INFO 6151 --- [    Test worker] j.LocalContainerEntityManagerFactoryBean : Initialized JPA EntityManagerFactory for persistence unit 'default'
2022-05-11 09:54:08.398  WARN 6151 --- [    Test worker] JpaBaseConfiguration$JpaWebConfiguration : spring.jpa.open-in-view is enabled by default. Therefore, database queries may be performed during view rendering. Explicitly configure spring.jpa.open-in-view to disable this warning
2022-05-11 09:54:11.597 DEBUG 6151 --- [    Test worker] s.w.s.m.m.a.RequestMappingHandlerAdapter : ControllerAdvice beans: 0 @ModelAttribute, 0 @InitBinder, 1 RequestBodyAdvice, 1 ResponseBodyAdvice
2022-05-11 09:54:12.986 TRACE 6151 --- [    Test worker] s.w.s.m.m.a.RequestMappingHandlerMapping : 
	a.AppApplication:
	{ [/]}: home()
2022-05-11 09:54:13.015 TRACE 6151 --- [    Test worker] s.w.s.m.m.a.RequestMappingHandlerMapping : 
	a.c.ContactController:
	{POST [/contacts/new]}: add(ContactForm)
	{GET [/contacts]}: form(Model)
	{POST [/contacts/confirm]}: confirm(ContactForm,Model)
	{ [/contacts/master]}: contacts(Model)
2022-05-11 09:54:13.018 TRACE 6151 --- [    Test worker] s.w.s.m.m.a.RequestMappingHandlerMapping : 
	a.c.CustomErrorController:
	{ [/error]}: error(HttpServletRequest,ModelAndView)
	{ [/404]}: notFoundError()
2022-05-11 09:54:13.020 TRACE 6151 --- [    Test worker] s.w.s.m.m.a.RequestMappingHandlerMapping : 
	a.c.HelloController:
	{GET [/]}: index(Model)
2022-05-11 09:54:13.022 TRACE 6151 --- [    Test worker] s.w.s.m.m.a.RequestMappingHandlerMapping : 
	a.c.UserController:
	{ [/users]}: users(Model)
2022-05-11 09:54:13.026 DEBUG 6151 --- [    Test worker] s.w.s.m.m.a.RequestMappingHandlerMapping : 9 mappings in 'requestMappingHandlerMapping'
2022-05-11 09:54:13.152  INFO 6151 --- [    Test worker] o.s.b.a.w.s.WelcomePageHandlerMapping    : Adding welcome page template: index
2022-05-11 09:54:13.794 DEBUG 6151 --- [    Test worker] o.s.w.s.h.BeanNameUrlHandlerMapping      : Detected 0 mappings in 'beanNameHandlerMapping'
2022-05-11 09:54:13.989 TRACE 6151 --- [    Test worker] o.s.w.s.f.support.RouterFunctionMapping  : 0 RouterFunction(s) in 'routerFunctionMapping'
2022-05-11 09:54:14.227 TRACE 6151 --- [    Test worker] o.s.w.s.handler.SimpleUrlHandlerMapping  : Mapped [/webjars/**] onto ResourceHttpRequestHandler [classpath [META-INF/resources/webjars/]]
2022-05-11 09:54:14.228 TRACE 6151 --- [    Test worker] o.s.w.s.handler.SimpleUrlHandlerMapping  : Mapped [/**] onto ResourceHttpRequestHandler [classpath [META-INF/resources/], classpath [resources/], classpath [static/], classpath [public/], ServletContext [/]]
2022-05-11 09:54:14.229 DEBUG 6151 --- [    Test worker] o.s.w.s.handler.SimpleUrlHandlerMapping  : Patterns [/webjars/**, /**] in 'resourceHandlerMapping'
2022-05-11 09:54:14.389 DEBUG 6151 --- [    Test worker] .m.m.a.ExceptionHandlerExceptionResolver : ControllerAdvice beans: 0 @ExceptionHandler, 1 ResponseBodyAdvice
2022-05-11 09:54:17.642  INFO 6151 --- [    Test worker] o.s.b.t.m.w.SpringBootMockServletContext : Initializing Spring TestDispatcherServlet ''
2022-05-11 09:54:17.643  INFO 6151 --- [    Test worker] o.s.t.web.servlet.TestDispatcherServlet  : Initializing Servlet ''
2022-05-11 09:54:17.646  INFO 6151 --- [    Test worker] o.s.t.web.servlet.TestDispatcherServlet  : Completed initialization in 1 ms
2022-05-11 09:54:17.696 TRACE 6151 --- [    Test worker] o.s.w.c.s.GenericWebApplicationContext   : Using LifecycleProcessor [org.springframework.context.support.DefaultLifecycleProcessor@1fa60b25]
2022-05-11 09:54:17.731  INFO 6151 --- [    Test worker] app.ConbinedTest                         : Started ConbinedTest in 49.678 seconds (JVM running for 58.249)
2022-05-11 09:54:18.221  INFO 6151 --- [    Test worker] o.s.t.c.transaction.TransactionContext   : Began transaction (1) for test context [DefaultTestContext@21eee94f testClass = ConbinedTest, testInstance = app.ConbinedTest@6bc24e72, testMethod = ContactsAdditionFlow@ConbinedTest, testException = [null], mergedContextConfiguration = [WebMergedContextConfiguration@724aefc3 testClass = ConbinedTest, locations = '{}', classes = '{class app.AppApplication}', contextInitializerClasses = '[]', activeProfiles = '{}', propertySourceLocations = '{}', propertySourceProperties = '{org.springframework.boot.test.context.SpringBootTestContextBootstrapper=true}', contextCustomizers = set[org.springframework.boot.test.autoconfigure.actuate.metrics.MetricsExportContextCustomizerFactory$DisableMetricExportContextCustomizer@681e144, org.springframework.boot.test.autoconfigure.properties.PropertyMappingContextCustomizer@4b3fa0b3, org.springframework.boot.test.autoconfigure.web.servlet.WebDriverContextCustomizerFactory$Customizer@3fbfbf84, [ImportsContextCustomizer@7cfb4736 key = [org.springframework.boot.test.autoconfigure.web.servlet.MockMvcAutoConfiguration, org.springframework.boot.test.autoconfigure.web.servlet.MockMvcWebClientAutoConfiguration, org.springframework.boot.test.autoconfigure.web.servlet.MockMvcWebDriverAutoConfiguration, org.springframework.boot.autoconfigure.security.oauth2.client.servlet.OAuth2ClientAutoConfiguration, org.springframework.boot.autoconfigure.security.oauth2.resource.servlet.OAuth2ResourceServerAutoConfiguration, org.springframework.boot.autoconfigure.security.servlet.SecurityAutoConfiguration, org.springframework.boot.autoconfigure.security.servlet.SecurityFilterAutoConfiguration, org.springframework.boot.autoconfigure.security.servlet.UserDetailsServiceAutoConfiguration, org.springframework.boot.test.autoconfigure.web.servlet.MockMvcSecurityConfiguration, org.springframework.boot.test.autoconfigure.web.reactive.WebTestClientAutoConfiguration, org.springframework.boot.test.context.TestConfiguration]], org.springframework.boot.test.context.filter.ExcludeFilterContextCustomizer@d74bac4, org.springframework.boot.test.json.DuplicateJsonObjectContextCustomizerFactory$DuplicateJsonObjectContextCustomizer@5c20aab9, org.springframework.boot.test.mock.mockito.MockitoContextCustomizer@0, org.springframework.boot.test.web.client.TestRestTemplateContextCustomizer@1ac45389, org.springframework.boot.test.context.SpringBootTestArgs@1, org.springframework.boot.test.context.SpringBootTestWebEnvironment@65b3a85a], resourceBasePath = 'src/main/webapp', contextLoader = 'org.springframework.boot.test.context.SpringBootContextLoader', parent = [null]], attributes = map['org.springframework.test.context.web.ServletTestExecutionListener.activateListener' -> true, 'com.github.springtestdbunit.DbUnitTestExecutionListener.connection' -> com.github.springtestdbunit.DatabaseConnections@608e3638, 'com.github.springtestdbunit.DbUnitTestExecutionListener.databseOperationLookup' -> com.github.springtestdbunit.operation.DefaultDatabaseOperationLookup@27d02a85, 'com.github.springtestdbunit.DbUnitTestExecutionListener.dataSetLoader' -> app.CsvDataSetLoader@6d5a8e08]]; transaction manager [org.springframework.orm.jpa.JpaTransactionManager@31c1d078]; rollback [true]
2022-05-11 09:54:19.018  WARN 6151 --- [    Test worker] o.dbunit.dataset.AbstractTableMetaData   : Potential problem found: The configured data type factory 'class org.dbunit.dataset.datatype.DefaultDataTypeFactory' might cause problems with the current database 'MySQL' (e.g. some datatypes may not be supported properly). In rare cases you might see this message because the list of supported database products is incomplete (list=[derby]). If so please request a java-class update via the forums.If you are using your own IDataTypeFactory extending DefaultDataTypeFactory, ensure that you override getValidDbProducts() to specify the supported database products.
2022-05-11 09:54:19.630 TRACE 6151 --- [    Test worker] s.w.s.m.m.a.RequestMappingHandlerMapping : Mapped to app.controller.ContactController#form(Model)
2022-05-11 09:54:19.780 TRACE 6151 --- [    Test worker] o.s.web.method.HandlerMethod             : Arguments: [{}]
2022-05-11 09:54:19.942 TRACE 6151 --- [    Test worker] s.w.s.m.m.a.RequestMappingHandlerAdapter : Applying default cacheSeconds=-1
2022-05-11 09:54:20.137 DEBUG 6151 --- [    Test worker] o.s.w.s.v.ContentNegotiatingViewResolver : Selected '*/*' given [*/*]
2022-05-11 09:54:23.393 TRACE 6151 --- [    Test worker] o.s.w.s.support.SessionFlashMapManager   : Found FlashMap [attributes={contact_form=ContactForm(name=test, email=test@email, content=content)}, targetRequestPath=null, targetRequestParams={}]
2022-05-11 09:54:23.394 TRACE 6151 --- [    Test worker] s.w.s.m.m.a.RequestMappingHandlerMapping : Mapped to app.controller.ContactController#confirm(ContactForm, Model)
2022-05-11 09:54:23.402 TRACE 6151 --- [    Test worker] o.s.web.method.HandlerMethod             : Arguments: [ContactForm(name=null, email=null, content=null), {contact_form=ContactForm(name=test, email=test@email, content=content), contactForm=ContactForm(name=null, email=null, content=null), org.springframework.validation.BindingResult.contactForm=org.springframework.validation.BeanPropertyBindingResult: 0 errors}]
2022-05-11 09:54:23.404 TRACE 6151 --- [    Test worker] s.w.s.m.m.a.RequestMappingHandlerAdapter : Applying default cacheSeconds=-1
2022-05-11 09:54:23.405 DEBUG 6151 --- [    Test worker] o.s.w.s.v.ContentNegotiatingViewResolver : Selected '*/*' given [*/*]
2022-05-11 09:54:26.138 TRACE 6151 --- [    Test worker] s.w.s.m.m.a.RequestMappingHandlerMapping : Mapped to app.controller.ContactController#contacts(Model)
2022-05-11 09:54:26.140 TRACE 6151 --- [    Test worker] o.s.web.method.HandlerMethod             : Arguments: [{}]
2022-05-11 09:54:26.145 TRACE 6151 --- [    Test worker] s.w.s.m.m.a.RequestMappingHandlerAdapter : Applying default cacheSeconds=-1
2022-05-11 09:54:26.146 DEBUG 6151 --- [    Test worker] o.s.w.s.v.ContentNegotiatingViewResolver : Selected '*/*' given [*/*]
2022-05-11 09:54:26.338  INFO 6151 --- [    Test worker] o.s.t.c.transaction.TransactionContext   : Rolled back transaction for test: [DefaultTestContext@21eee94f testClass = ConbinedTest, testInstance = app.ConbinedTest@6bc24e72, testMethod = ContactsAdditionFlow@ConbinedTest, testException = [null], mergedContextConfiguration = [WebMergedContextConfiguration@724aefc3 testClass = ConbinedTest, locations = '{}', classes = '{class app.AppApplication}', contextInitializerClasses = '[]', activeProfiles = '{}', propertySourceLocations = '{}', propertySourceProperties = '{org.springframework.boot.test.context.SpringBootTestContextBootstrapper=true}', contextCustomizers = set[org.springframework.boot.test.autoconfigure.actuate.metrics.MetricsExportContextCustomizerFactory$DisableMetricExportContextCustomizer@681e144, org.springframework.boot.test.autoconfigure.properties.PropertyMappingContextCustomizer@4b3fa0b3, org.springframework.boot.test.autoconfigure.web.servlet.WebDriverContextCustomizerFactory$Customizer@3fbfbf84, [ImportsContextCustomizer@7cfb4736 key = [org.springframework.boot.test.autoconfigure.web.servlet.MockMvcAutoConfiguration, org.springframework.boot.test.autoconfigure.web.servlet.MockMvcWebClientAutoConfiguration, org.springframework.boot.test.autoconfigure.web.servlet.MockMvcWebDriverAutoConfiguration, org.springframework.boot.autoconfigure.security.oauth2.client.servlet.OAuth2ClientAutoConfiguration, org.springframework.boot.autoconfigure.security.oauth2.resource.servlet.OAuth2ResourceServerAutoConfiguration, org.springframework.boot.autoconfigure.security.servlet.SecurityAutoConfiguration, org.springframework.boot.autoconfigure.security.servlet.SecurityFilterAutoConfiguration, org.springframework.boot.autoconfigure.security.servlet.UserDetailsServiceAutoConfiguration, org.springframework.boot.test.autoconfigure.web.servlet.MockMvcSecurityConfiguration, org.springframework.boot.test.autoconfigure.web.reactive.WebTestClientAutoConfiguration, org.springframework.boot.test.context.TestConfiguration]], org.springframework.boot.test.context.filter.ExcludeFilterContextCustomizer@d74bac4, org.springframework.boot.test.json.DuplicateJsonObjectContextCustomizerFactory$DuplicateJsonObjectContextCustomizer@5c20aab9, org.springframework.boot.test.mock.mockito.MockitoContextCustomizer@0, org.springframework.boot.test.web.client.TestRestTemplateContextCustomizer@1ac45389, org.springframework.boot.test.context.SpringBootTestArgs@1, org.springframework.boot.test.context.SpringBootTestWebEnvironment@65b3a85a], resourceBasePath = 'src/main/webapp', contextLoader = 'org.springframework.boot.test.context.SpringBootContextLoader', parent = [null]], attributes = map['org.springframework.test.context.web.ServletTestExecutionListener.activateListener' -> true, 'com.github.springtestdbunit.DbUnitTestExecutionListener.connection' -> com.github.springtestdbunit.DatabaseConnections@608e3638, 'com.github.springtestdbunit.DbUnitTestExecutionListener.databseOperationLookup' -> com.github.springtestdbunit.operation.DefaultDatabaseOperationLookup@27d02a85, 'com.github.springtestdbunit.DbUnitTestExecutionListener.dataSetLoader' -> app.CsvDataSetLoader@6d5a8e08]]
]]></system-out>
  <system-err><![CDATA[]]></system-err>
</testsuite>
