<?xml version="1.0" encoding="UTF-8"?>
<testsuite name="app.CombinedTest" tests="1" skipped="0" failures="0" errors="0" timestamp="2022-05-12T06:35:58" hostname="770fb75f93db" time="17.159">
  <properties/>
  <testcase name="問い合わせ追加の一連処理" classname="app.CombinedTest" time="17.159"/>
  <system-out><![CDATA[06:33:33.809 [Test worker] DEBUG org.springframework.test.context.BootstrapUtils - Instantiating CacheAwareContextLoaderDelegate from class [org.springframework.test.context.cache.DefaultCacheAwareContextLoaderDelegate]
06:33:34.279 [Test worker] DEBUG org.springframework.test.context.BootstrapUtils - Instantiating BootstrapContext using constructor [public org.springframework.test.context.support.DefaultBootstrapContext(java.lang.Class,org.springframework.test.context.CacheAwareContextLoaderDelegate)]
06:33:34.999 [Test worker] DEBUG org.springframework.test.context.BootstrapUtils - Instantiating TestContextBootstrapper for test class [app.CombinedTest] from class [org.springframework.boot.test.context.SpringBootTestContextBootstrapper]
06:33:35.475 [Test worker] INFO org.springframework.boot.test.context.SpringBootTestContextBootstrapper - Neither @ContextConfiguration nor @ContextHierarchy found for test class [app.CombinedTest], using SpringBootContextLoader
06:33:35.567 [Test worker] DEBUG org.springframework.test.context.support.AbstractContextLoader - Did not detect default resource location for test class [app.CombinedTest]: class path resource [app/CombinedTest-context.xml] does not exist
06:33:35.582 [Test worker] DEBUG org.springframework.test.context.support.AbstractContextLoader - Did not detect default resource location for test class [app.CombinedTest]: class path resource [app/CombinedTestContext.groovy] does not exist
06:33:35.583 [Test worker] INFO org.springframework.test.context.support.AbstractContextLoader - Could not detect default resource locations for test class [app.CombinedTest]: no resource found for suffixes {-context.xml, Context.groovy}.
06:33:35.596 [Test worker] INFO org.springframework.test.context.support.AnnotationConfigContextLoaderUtils - Could not detect default configuration classes for test class [app.CombinedTest]: CombinedTest does not declare any static, non-private, non-final, nested classes annotated with @Configuration.
06:33:37.336 [Test worker] DEBUG org.springframework.test.context.support.ActiveProfilesUtils - Could not find an 'annotation declaring class' for annotation type [org.springframework.test.context.ActiveProfiles] and class [app.CombinedTest]
06:33:38.867 [Test worker] DEBUG org.springframework.context.annotation.ClassPathScanningCandidateComponentProvider - Identified candidate component class: file [/srv/build/classes/java/main/app/AppApplication.class]
06:33:38.882 [Test worker] INFO org.springframework.boot.test.context.SpringBootTestContextBootstrapper - Found @SpringBootConfiguration app.AppApplication for test class app.CombinedTest
06:33:42.035 [Test worker] INFO org.springframework.boot.test.context.SpringBootTestContextBootstrapper - Using TestExecutionListeners: [org.springframework.test.context.support.DependencyInjectionTestExecutionListener@e95595b, org.springframework.test.context.transaction.TransactionalTestExecutionListener@5a917723, com.github.springtestdbunit.DbUnitTestExecutionListener@7e4579c7]
06:33:42.251 [Test worker] DEBUG org.springframework.test.context.support.DependencyInjectionTestExecutionListener - Performing dependency injection for test context [[DefaultTestContext@427a12b6 testClass = CombinedTest, testInstance = app.CombinedTest@6025d790, testMethod = [null], testException = [null], mergedContextConfiguration = [WebMergedContextConfiguration@af7e376 testClass = CombinedTest, locations = '{}', classes = '{class app.AppApplication}', contextInitializerClasses = '[]', activeProfiles = '{}', propertySourceLocations = '{}', propertySourceProperties = '{org.springframework.boot.test.context.SpringBootTestContextBootstrapper=true, server.port=0}', contextCustomizers = set[org.springframework.boot.test.autoconfigure.actuate.metrics.MetricsExportContextCustomizerFactory$DisableMetricExportContextCustomizer@49c8f6e8, org.springframework.boot.test.autoconfigure.properties.PropertyMappingContextCustomizer@4b3fa0b3, org.springframework.boot.test.autoconfigure.web.servlet.WebDriverContextCustomizerFactory$Customizer@2776015d, [ImportsContextCustomizer@5dcd0cdf key = [org.springframework.boot.test.context.TestConfiguration, org.springframework.boot.test.autoconfigure.web.servlet.MockMvcAutoConfiguration, org.springframework.boot.test.autoconfigure.web.servlet.MockMvcWebClientAutoConfiguration, org.springframework.boot.test.autoconfigure.web.servlet.MockMvcWebDriverAutoConfiguration, org.springframework.boot.autoconfigure.security.oauth2.client.servlet.OAuth2ClientAutoConfiguration, org.springframework.boot.autoconfigure.security.oauth2.resource.servlet.OAuth2ResourceServerAutoConfiguration, org.springframework.boot.autoconfigure.security.servlet.SecurityAutoConfiguration, org.springframework.boot.autoconfigure.security.servlet.SecurityFilterAutoConfiguration, org.springframework.boot.autoconfigure.security.servlet.UserDetailsServiceAutoConfiguration, org.springframework.boot.test.autoconfigure.web.servlet.MockMvcSecurityConfiguration, org.springframework.boot.test.autoconfigure.web.reactive.WebTestClientAutoConfiguration]], org.springframework.boot.test.context.filter.ExcludeFilterContextCustomizer@1e530163, org.springframework.boot.test.json.DuplicateJsonObjectContextCustomizerFactory$DuplicateJsonObjectContextCustomizer@4088741b, org.springframework.boot.test.mock.mockito.MockitoContextCustomizer@0, org.springframework.boot.test.web.client.TestRestTemplateContextCustomizer@33d53216, org.springframework.boot.test.web.reactive.server.WebTestClientContextCustomizer@46731692, org.springframework.boot.test.context.SpringBootTestArgs@1, org.springframework.boot.test.context.SpringBootTestWebEnvironment@4baf352a], resourceBasePath = 'src/main/webapp', contextLoader = 'org.springframework.boot.test.context.SpringBootContextLoader', parent = [null]], attributes = map['org.springframework.test.context.web.ServletTestExecutionListener.activateListener' -> false]]].

  .   ____          _            __ _ _
 /\\ / ___'_ __ _ _(_)_ __  __ _ \ \ \ \
( ( )\___ | '_ | '_| | '_ \/ _` | \ \ \ \
 \\/  ___)| |_)| | | | | || (_| |  ) ) ) )
  '  |____| .__|_| |_|_| |_\__, | / / / /
 =========|_|==============|___/=/_/_/_/
 :: Spring Boot ::                (v2.6.7)

2022-05-12 06:33:51.572  INFO 989 --- [    Test worker] app.CombinedTest                         : Starting CombinedTest using Java 15.0.2 on 770fb75f93db with PID 989 (started by root in /srv)
2022-05-12 06:33:51.585  INFO 989 --- [    Test worker] app.CombinedTest                         : No active profile set, falling back to 1 default profile: "default"
2022-05-12 06:34:05.548  INFO 989 --- [    Test worker] .s.d.r.c.RepositoryConfigurationDelegate : Bootstrapping Spring Data JPA repositories in DEFAULT mode.
2022-05-12 06:34:12.155  INFO 989 --- [    Test worker] .s.d.r.c.RepositoryConfigurationDelegate : Finished Spring Data repository scanning in 6380 ms. Found 2 JPA repository interfaces.
2022-05-12 06:34:30.018  INFO 989 --- [    Test worker] o.s.b.w.embedded.tomcat.TomcatWebServer  : Tomcat initialized with port(s): 0 (http)
2022-05-12 06:34:30.331  INFO 989 --- [    Test worker] o.apache.catalina.core.StandardService   : Starting service [Tomcat]
2022-05-12 06:34:30.334  INFO 989 --- [    Test worker] org.apache.catalina.core.StandardEngine  : Starting Servlet engine: [Apache Tomcat/9.0.62]
2022-05-12 06:34:31.656  INFO 989 --- [    Test worker] o.a.c.c.C.[Tomcat].[localhost].[/]       : Initializing Spring embedded WebApplicationContext
2022-05-12 06:34:31.658  INFO 989 --- [    Test worker] w.s.c.ServletWebServerApplicationContext : Root WebApplicationContext: initialization completed in 39710 ms
2022-05-12 06:34:36.842  INFO 989 --- [    Test worker] com.zaxxer.hikari.HikariDataSource       : HikariPool-1 - Starting...
2022-05-12 06:34:41.230  INFO 989 --- [    Test worker] com.zaxxer.hikari.HikariDataSource       : HikariPool-1 - Start completed.
2022-05-12 06:34:42.805  INFO 989 --- [    Test worker] o.hibernate.jpa.internal.util.LogHelper  : HHH000204: Processing PersistenceUnitInfo [name: default]
2022-05-12 06:34:45.130  INFO 989 --- [    Test worker] org.hibernate.Version                    : HHH000412: Hibernate ORM core version 5.6.8.Final
2022-05-12 06:34:52.926  INFO 989 --- [    Test worker] o.hibernate.annotations.common.Version   : HCANN000001: Hibernate Commons Annotations {5.1.2.Final}
2022-05-12 06:35:00.430  INFO 989 --- [    Test worker] org.hibernate.dialect.Dialect            : HHH000400: Using dialect: org.hibernate.dialect.MySQL8Dialect
2022-05-12 06:35:25.281  INFO 989 --- [    Test worker] o.h.e.t.j.p.i.JtaPlatformInitiator       : HHH000490: Using JtaPlatform implementation: [org.hibernate.engine.transaction.jta.platform.internal.NoJtaPlatform]
2022-05-12 06:35:25.813  INFO 989 --- [    Test worker] j.LocalContainerEntityManagerFactoryBean : Initialized JPA EntityManagerFactory for persistence unit 'default'
2022-05-12 06:35:35.259  WARN 989 --- [    Test worker] JpaBaseConfiguration$JpaWebConfiguration : spring.jpa.open-in-view is enabled by default. Therefore, database queries may be performed during view rendering. Explicitly configure spring.jpa.open-in-view to disable this warning
2022-05-12 06:35:40.180 DEBUG 989 --- [    Test worker] s.w.s.m.m.a.RequestMappingHandlerAdapter : ControllerAdvice beans: 0 @ModelAttribute, 0 @InitBinder, 1 RequestBodyAdvice, 1 ResponseBodyAdvice
2022-05-12 06:35:42.511 TRACE 989 --- [    Test worker] s.w.s.m.m.a.RequestMappingHandlerMapping : 
	a.AppApplication:
	{ [/]}: home()
2022-05-12 06:35:42.542 TRACE 989 --- [    Test worker] s.w.s.m.m.a.RequestMappingHandlerMapping : 
	a.c.ContactController:
	{POST [/contacts/new]}: add(ContactForm)
	{GET [/contacts]}: form(Model)
	{ [/contacts/master]}: contacts(Model)
	{POST [/contacts/confirm]}: confirm(ContactForm,Model)
2022-05-12 06:35:42.545 TRACE 989 --- [    Test worker] s.w.s.m.m.a.RequestMappingHandlerMapping : 
	a.c.CustomErrorController:
	{ [/error]}: error(HttpServletRequest,ModelAndView)
	{ [/404]}: notFoundError()
2022-05-12 06:35:42.547 TRACE 989 --- [    Test worker] s.w.s.m.m.a.RequestMappingHandlerMapping : 
	a.c.HelloController:
	{GET [/]}: index(Model)
2022-05-12 06:35:42.549 TRACE 989 --- [    Test worker] s.w.s.m.m.a.RequestMappingHandlerMapping : 
	a.c.UserController:
	{ [/users]}: users(Model)
2022-05-12 06:35:42.556 DEBUG 989 --- [    Test worker] s.w.s.m.m.a.RequestMappingHandlerMapping : 9 mappings in 'requestMappingHandlerMapping'
2022-05-12 06:35:42.733  INFO 989 --- [    Test worker] o.s.b.a.w.s.WelcomePageHandlerMapping    : Adding welcome page template: index
2022-05-12 06:35:44.273 DEBUG 989 --- [    Test worker] o.s.w.s.h.BeanNameUrlHandlerMapping      : Detected 0 mappings in 'beanNameHandlerMapping'
2022-05-12 06:35:44.655 TRACE 989 --- [    Test worker] o.s.w.s.f.support.RouterFunctionMapping  : 0 RouterFunction(s) in 'routerFunctionMapping'
2022-05-12 06:35:45.106 TRACE 989 --- [    Test worker] o.s.w.s.handler.SimpleUrlHandlerMapping  : Mapped [/webjars/**] onto ResourceHttpRequestHandler [classpath [META-INF/resources/webjars/]]
2022-05-12 06:35:45.107 TRACE 989 --- [    Test worker] o.s.w.s.handler.SimpleUrlHandlerMapping  : Mapped [/**] onto ResourceHttpRequestHandler [classpath [META-INF/resources/], classpath [resources/], classpath [static/], classpath [public/], ServletContext [/]]
2022-05-12 06:35:45.109 DEBUG 989 --- [    Test worker] o.s.w.s.handler.SimpleUrlHandlerMapping  : Patterns [/webjars/**, /**] in 'resourceHandlerMapping'
2022-05-12 06:35:45.471 DEBUG 989 --- [    Test worker] .m.m.a.ExceptionHandlerExceptionResolver : ControllerAdvice beans: 0 @ExceptionHandler, 1 ResponseBodyAdvice
2022-05-12 06:35:53.615  INFO 989 --- [    Test worker] o.a.c.c.C.[Tomcat].[localhost].[/]       : Initializing Spring TestDispatcherServlet ''
2022-05-12 06:35:53.616  INFO 989 --- [    Test worker] o.s.t.web.servlet.TestDispatcherServlet  : Initializing Servlet ''
2022-05-12 06:35:53.619  INFO 989 --- [    Test worker] o.s.t.web.servlet.TestDispatcherServlet  : Completed initialization in 1 ms
2022-05-12 06:35:57.161  INFO 989 --- [    Test worker] o.s.b.w.embedded.tomcat.TomcatWebServer  : Tomcat started on port(s): 35101 (http) with context path ''
2022-05-12 06:35:57.204  INFO 989 --- [    Test worker] app.CombinedTest                         : Started CombinedTest in 133.992 seconds (JVM running for 152.497)
2022-05-12 06:35:58.561  INFO 989 --- [    Test worker] o.s.t.c.transaction.TransactionContext   : Began transaction (1) for test context [DefaultTestContext@427a12b6 testClass = CombinedTest, testInstance = app.CombinedTest@6025d790, testMethod = ContactsAdditionFlow@CombinedTest, testException = [null], mergedContextConfiguration = [WebMergedContextConfiguration@af7e376 testClass = CombinedTest, locations = '{}', classes = '{class app.AppApplication}', contextInitializerClasses = '[]', activeProfiles = '{}', propertySourceLocations = '{}', propertySourceProperties = '{org.springframework.boot.test.context.SpringBootTestContextBootstrapper=true, server.port=0}', contextCustomizers = set[org.springframework.boot.test.autoconfigure.actuate.metrics.MetricsExportContextCustomizerFactory$DisableMetricExportContextCustomizer@49c8f6e8, org.springframework.boot.test.autoconfigure.properties.PropertyMappingContextCustomizer@4b3fa0b3, org.springframework.boot.test.autoconfigure.web.servlet.WebDriverContextCustomizerFactory$Customizer@2776015d, [ImportsContextCustomizer@5dcd0cdf key = [org.springframework.boot.test.context.TestConfiguration, org.springframework.boot.test.autoconfigure.web.servlet.MockMvcAutoConfiguration, org.springframework.boot.test.autoconfigure.web.servlet.MockMvcWebClientAutoConfiguration, org.springframework.boot.test.autoconfigure.web.servlet.MockMvcWebDriverAutoConfiguration, org.springframework.boot.autoconfigure.security.oauth2.client.servlet.OAuth2ClientAutoConfiguration, org.springframework.boot.autoconfigure.security.oauth2.resource.servlet.OAuth2ResourceServerAutoConfiguration, org.springframework.boot.autoconfigure.security.servlet.SecurityAutoConfiguration, org.springframework.boot.autoconfigure.security.servlet.SecurityFilterAutoConfiguration, org.springframework.boot.autoconfigure.security.servlet.UserDetailsServiceAutoConfiguration, org.springframework.boot.test.autoconfigure.web.servlet.MockMvcSecurityConfiguration, org.springframework.boot.test.autoconfigure.web.reactive.WebTestClientAutoConfiguration]], org.springframework.boot.test.context.filter.ExcludeFilterContextCustomizer@1e530163, org.springframework.boot.test.json.DuplicateJsonObjectContextCustomizerFactory$DuplicateJsonObjectContextCustomizer@4088741b, org.springframework.boot.test.mock.mockito.MockitoContextCustomizer@0, org.springframework.boot.test.web.client.TestRestTemplateContextCustomizer@33d53216, org.springframework.boot.test.web.reactive.server.WebTestClientContextCustomizer@46731692, org.springframework.boot.test.context.SpringBootTestArgs@1, org.springframework.boot.test.context.SpringBootTestWebEnvironment@4baf352a], resourceBasePath = 'src/main/webapp', contextLoader = 'org.springframework.boot.test.context.SpringBootContextLoader', parent = [null]], attributes = map['org.springframework.test.context.web.ServletTestExecutionListener.activateListener' -> false, 'com.github.springtestdbunit.DbUnitTestExecutionListener.connection' -> com.github.springtestdbunit.DatabaseConnections@57e3ba47, 'com.github.springtestdbunit.DbUnitTestExecutionListener.databseOperationLookup' -> com.github.springtestdbunit.operation.DefaultDatabaseOperationLookup@3158e4c3, 'com.github.springtestdbunit.DbUnitTestExecutionListener.dataSetLoader' -> app.CsvDataSetLoader@2d63dd21]]; transaction manager [org.springframework.orm.jpa.JpaTransactionManager@760d3258]; rollback [true]
2022-05-12 06:36:00.308  WARN 989 --- [    Test worker] o.dbunit.dataset.AbstractTableMetaData   : Potential problem found: The configured data type factory 'class org.dbunit.dataset.datatype.DefaultDataTypeFactory' might cause problems with the current database 'MySQL' (e.g. some datatypes may not be supported properly). In rare cases you might see this message because the list of supported database products is incomplete (list=[derby]). If so please request a java-class update via the forums.If you are using your own IDataTypeFactory extending DefaultDataTypeFactory, ensure that you override getValidDbProducts() to specify the supported database products.
2022-05-12 06:36:00.927 TRACE 989 --- [    Test worker] s.w.s.m.m.a.RequestMappingHandlerMapping : Mapped to app.controller.ContactController#form(Model)
2022-05-12 06:36:01.183 TRACE 989 --- [    Test worker] o.s.web.method.HandlerMethod             : Arguments: [{}]
2022-05-12 06:36:01.384 TRACE 989 --- [    Test worker] s.w.s.m.m.a.RequestMappingHandlerAdapter : Applying default cacheSeconds=-1
2022-05-12 06:36:01.741 DEBUG 989 --- [    Test worker] o.s.w.s.v.ContentNegotiatingViewResolver : Selected '*/*' given [*/*]
2022-05-12 06:36:09.272 TRACE 989 --- [    Test worker] o.s.w.s.support.SessionFlashMapManager   : Found FlashMap [attributes={contact_form=ContactForm(name=test, email=test@email, content=content)}, targetRequestPath=null, targetRequestParams={}]
2022-05-12 06:36:09.275 TRACE 989 --- [    Test worker] s.w.s.m.m.a.RequestMappingHandlerMapping : Mapped to app.controller.ContactController#confirm(ContactForm, Model)
2022-05-12 06:36:09.305 TRACE 989 --- [    Test worker] o.s.web.method.HandlerMethod             : Arguments: [ContactForm(name=null, email=null, content=null), {contact_form=ContactForm(name=test, email=test@email, content=content), contactForm=ContactForm(name=null, email=null, content=null), org.springframework.validation.BindingResult.contactForm=org.springframework.validation.BeanPropertyBindingResult: 0 errors}]
2022-05-12 06:36:09.309 TRACE 989 --- [    Test worker] s.w.s.m.m.a.RequestMappingHandlerAdapter : Applying default cacheSeconds=-1
2022-05-12 06:36:09.312 DEBUG 989 --- [    Test worker] o.s.w.s.v.ContentNegotiatingViewResolver : Selected '*/*' given [*/*]
2022-05-12 06:36:14.762 TRACE 989 --- [    Test worker] s.w.s.m.m.a.RequestMappingHandlerMapping : Mapped to app.controller.ContactController#contacts(Model)
2022-05-12 06:36:14.764 TRACE 989 --- [    Test worker] o.s.web.method.HandlerMethod             : Arguments: [{}]
2022-05-12 06:36:14.770 TRACE 989 --- [    Test worker] s.w.s.m.m.a.RequestMappingHandlerAdapter : Applying default cacheSeconds=-1
2022-05-12 06:36:14.772 DEBUG 989 --- [    Test worker] o.s.w.s.v.ContentNegotiatingViewResolver : Selected '*/*' given [*/*]
2022-05-12 06:36:15.198  INFO 989 --- [    Test worker] o.s.t.c.transaction.TransactionContext   : Rolled back transaction for test: [DefaultTestContext@427a12b6 testClass = CombinedTest, testInstance = app.CombinedTest@6025d790, testMethod = ContactsAdditionFlow@CombinedTest, testException = [null], mergedContextConfiguration = [WebMergedContextConfiguration@af7e376 testClass = CombinedTest, locations = '{}', classes = '{class app.AppApplication}', contextInitializerClasses = '[]', activeProfiles = '{}', propertySourceLocations = '{}', propertySourceProperties = '{org.springframework.boot.test.context.SpringBootTestContextBootstrapper=true, server.port=0}', contextCustomizers = set[org.springframework.boot.test.autoconfigure.actuate.metrics.MetricsExportContextCustomizerFactory$DisableMetricExportContextCustomizer@49c8f6e8, org.springframework.boot.test.autoconfigure.properties.PropertyMappingContextCustomizer@4b3fa0b3, org.springframework.boot.test.autoconfigure.web.servlet.WebDriverContextCustomizerFactory$Customizer@2776015d, [ImportsContextCustomizer@5dcd0cdf key = [org.springframework.boot.test.context.TestConfiguration, org.springframework.boot.test.autoconfigure.web.servlet.MockMvcAutoConfiguration, org.springframework.boot.test.autoconfigure.web.servlet.MockMvcWebClientAutoConfiguration, org.springframework.boot.test.autoconfigure.web.servlet.MockMvcWebDriverAutoConfiguration, org.springframework.boot.autoconfigure.security.oauth2.client.servlet.OAuth2ClientAutoConfiguration, org.springframework.boot.autoconfigure.security.oauth2.resource.servlet.OAuth2ResourceServerAutoConfiguration, org.springframework.boot.autoconfigure.security.servlet.SecurityAutoConfiguration, org.springframework.boot.autoconfigure.security.servlet.SecurityFilterAutoConfiguration, org.springframework.boot.autoconfigure.security.servlet.UserDetailsServiceAutoConfiguration, org.springframework.boot.test.autoconfigure.web.servlet.MockMvcSecurityConfiguration, org.springframework.boot.test.autoconfigure.web.reactive.WebTestClientAutoConfiguration]], org.springframework.boot.test.context.filter.ExcludeFilterContextCustomizer@1e530163, org.springframework.boot.test.json.DuplicateJsonObjectContextCustomizerFactory$DuplicateJsonObjectContextCustomizer@4088741b, org.springframework.boot.test.mock.mockito.MockitoContextCustomizer@0, org.springframework.boot.test.web.client.TestRestTemplateContextCustomizer@33d53216, org.springframework.boot.test.web.reactive.server.WebTestClientContextCustomizer@46731692, org.springframework.boot.test.context.SpringBootTestArgs@1, org.springframework.boot.test.context.SpringBootTestWebEnvironment@4baf352a], resourceBasePath = 'src/main/webapp', contextLoader = 'org.springframework.boot.test.context.SpringBootContextLoader', parent = [null]], attributes = map['org.springframework.test.context.web.ServletTestExecutionListener.activateListener' -> false, 'com.github.springtestdbunit.DbUnitTestExecutionListener.connection' -> com.github.springtestdbunit.DatabaseConnections@57e3ba47, 'com.github.springtestdbunit.DbUnitTestExecutionListener.databseOperationLookup' -> com.github.springtestdbunit.operation.DefaultDatabaseOperationLookup@3158e4c3, 'com.github.springtestdbunit.DbUnitTestExecutionListener.dataSetLoader' -> app.CsvDataSetLoader@2d63dd21]]
]]></system-out>
  <system-err><![CDATA[]]></system-err>
</testsuite>
